<?xml version="1.0" encoding="UTF-8"?>
<testng-results skipped="0" failed="1" ignored="0" total="1" passed="0">
  <reporter-output>
    <line>
      <![CDATA[Verify submenu is Clickable or Not]]>
    </line>
    <line>
      <![CDATA[Verify subCategory is Clickable or Not]]>
    </line>
    <line>
      <![CDATA[Verify Filters is Clickable or Not]]>
    </line>
    <line>
      <![CDATA[Verify Filters is Clickable or Not]]>
    </line>
    <line>
      <![CDATA[Verify Filters is Clickable or Not]]>
    </line>
    <line>
      <![CDATA[Verify product is Clickable or Not]]>
    </line>
    <line>
      <![CDATA[Verify add ToCart Btn is Clickable or Not]]>
    </line>
    <line>
      <![CDATA[Element is not visible---------cart button]]>
    </line>
    <line>
      <![CDATA[Element is not visible---------cart button]]>
    </line>
    <line>
      <![CDATA[Verify cart button is Clickable or Not]]>
    </line>
    <line>
      <![CDATA[cart button is not Clickable ]]>
    </line>
    <line>
      <![CDATA[Unable to clk on cart button]]>
    </line>
    <line>
      <![CDATA[Expected condition failed: waiting for element to be clickable: Proxy element for: DefaultElementLocator 'By.xpath: //div[@class='item-quantity']//following-sibling::div//a[text()='View in cart']' (tried for 30 second(s) with 500 milliseconds interval)]]>
    </line>
    <line>
      <![CDATA[Unable to clk on cart button]]>
    </line>
  </reporter-output>
  <suite name="Ebay" duration-ms="290090" started-at="2021-07-01T00:53:10 IST" finished-at="2021-07-01T00:58:00 IST">
    <groups>
    </groups>
    <test name="POC_Test1" duration-ms="290090" started-at="2021-07-01T00:53:10 IST" finished-at="2021-07-01T00:58:00 IST">
      <class name="com.tyss.actitime.scripts.Ebay">
        <test-method status="PASS" signature="createFiles()[pri:0, instance:com.tyss.actitime.scripts.Ebay@20ccf40b]" name="createFiles" is-config="true" duration-ms="281" started-at="2021-07-01T00:53:10 IST" finished-at="2021-07-01T00:53:10 IST">
          <reporter-output>
          </reporter-output>
        </test-method> <!-- createFiles -->
        <test-method status="PASS" signature="launchApp(java.lang.String)[pri:0, instance:com.tyss.actitime.scripts.Ebay@20ccf40b]" name="launchApp" is-config="true" duration-ms="23583" started-at="2021-07-01T00:53:10 IST" finished-at="2021-07-01T00:53:33 IST">
          <params>
            <param index="0">
              <value>
                <![CDATA[Chrome]]>
              </value>
            </param>
          </params>
          <reporter-output>
          </reporter-output>
        </test-method> <!-- launchApp -->
        <test-method status="PASS" signature="setExtentReport(java.lang.reflect.Method)[pri:0, instance:com.tyss.actitime.scripts.Ebay@20ccf40b]" name="setExtentReport" is-config="true" duration-ms="56" started-at="2021-07-01T00:53:38 IST" finished-at="2021-07-01T00:53:38 IST">
          <params>
            <param index="0">
              <value>
                <![CDATA[public void com.tyss.actitime.scripts.Ebay.shopAtEbay(java.lang.String,java.lang.String,java.lang.String,java.lang.String,java.lang.String,java.lang.String,java.lang.String) throws java.lang.Exception]]>
              </value>
            </param>
          </params>
          <reporter-output>
          </reporter-output>
        </test-method> <!-- setExtentReport -->
        <test-method status="FAIL" signature="shopAtEbay(java.lang.String,java.lang.String,java.lang.String,java.lang.String,java.lang.String,java.lang.String,java.lang.String)[pri:0, instance:com.tyss.actitime.scripts.Ebay@20ccf40b]" name="shopAtEbay" duration-ms="253970" started-at="2021-07-01T00:53:38 IST" description="Create Users" data-provider="TestUsersDataProvider" finished-at="2021-07-01T00:57:52 IST">
          <params>
            <param index="0">
              <value>
                <![CDATA[Fashion]]>
              </value>
            </param>
            <param index="1">
              <value>
                <![CDATA[Footwear]]>
              </value>
            </param>
            <param index="2">
              <value>
                <![CDATA[Men]]>
              </value>
            </param>
            <param index="3">
              <value>
                <![CDATA[Nike Air Jordan 1 Mid Metallic]]>
              </value>
            </param>
            <param index="4">
              <value>
                <![CDATA[12]]>
              </value>
            </param>
            <param index="5">
              <value>
                <![CDATA[Athletic Shoes]]>
              </value>
            </param>
            <param index="6">
              <value>
                <![CDATA[Nike]]>
              </value>
            </param>
          </params>
          <exception class="java.lang.AssertionError">
            <message>
              <![CDATA[Unable to clk on cart button]]>
            </message>
            <full-stacktrace>
              <![CDATA[java.lang.AssertionError: Unable to clk on cart button
at org.testng.Assert.fail(Assert.java:99)
at com.tyss.demo.pages.Ebay_Page.clkOnCartBtn(Ebay_Page.java:269)
at com.tyss.actitime.scripts.Ebay.shopAtEbay(Ebay.java:52)
at sun.reflect.NativeMethodAccessorImpl.invoke0(Native Method)
at sun.reflect.NativeMethodAccessorImpl.invoke(Unknown Source)
at sun.reflect.DelegatingMethodAccessorImpl.invoke(Unknown Source)
at java.lang.reflect.Method.invoke(Unknown Source)
at org.testng.internal.MethodInvocationHelper.invokeMethod(MethodInvocationHelper.java:133)
at org.testng.internal.TestInvoker.invokeMethod(TestInvoker.java:598)
at org.testng.internal.TestInvoker.invokeTestMethod(TestInvoker.java:173)
at org.testng.internal.MethodRunner.runInSequence(MethodRunner.java:46)
at org.testng.internal.TestInvoker$MethodInvocationAgent.invoke(TestInvoker.java:824)
at org.testng.internal.TestInvoker.invokeTestMethods(TestInvoker.java:146)
at org.testng.internal.TestMethodWorker.invokeTestMethods(TestMethodWorker.java:146)
at org.testng.internal.TestMethodWorker.run(TestMethodWorker.java:128)
at java.util.ArrayList.forEach(Unknown Source)
at org.testng.TestRunner.privateRun(TestRunner.java:794)
at org.testng.TestRunner.run(TestRunner.java:596)
at org.testng.SuiteRunner.runTest(SuiteRunner.java:377)
at org.testng.SuiteRunner.runSequentially(SuiteRunner.java:371)
at org.testng.SuiteRunner.privateRun(SuiteRunner.java:332)
at org.testng.SuiteRunner.run(SuiteRunner.java:276)
at org.testng.SuiteRunnerWorker.runSuite(SuiteRunnerWorker.java:53)
at org.testng.SuiteRunnerWorker.run(SuiteRunnerWorker.java:96)
at org.testng.TestNG.runSuitesSequentially(TestNG.java:1212)
at org.testng.TestNG.runSuitesLocally(TestNG.java:1134)
at org.testng.TestNG.runSuites(TestNG.java:1063)
at org.testng.TestNG.run(TestNG.java:1031)
at org.testng.remote.AbstractRemoteTestNG.run(AbstractRemoteTestNG.java:115)
at org.testng.remote.RemoteTestNG.initAndRun(RemoteTestNG.java:251)
at org.testng.remote.RemoteTestNG.main(RemoteTestNG.java:77)
]]>
            </full-stacktrace>
          </exception> <!-- java.lang.AssertionError -->
          <reporter-output>
            <line>
              <![CDATA[Verify submenu is Clickable or Not]]>
            </line>
            <line>
              <![CDATA[Verify subCategory is Clickable or Not]]>
            </line>
            <line>
              <![CDATA[Verify Filters is Clickable or Not]]>
            </line>
            <line>
              <![CDATA[Verify Filters is Clickable or Not]]>
            </line>
            <line>
              <![CDATA[Verify Filters is Clickable or Not]]>
            </line>
            <line>
              <![CDATA[Verify product is Clickable or Not]]>
            </line>
            <line>
              <![CDATA[Verify add ToCart Btn is Clickable or Not]]>
            </line>
            <line>
              <![CDATA[Element is not visible---------cart button]]>
            </line>
            <line>
              <![CDATA[Element is not visible---------cart button]]>
            </line>
            <line>
              <![CDATA[Verify cart button is Clickable or Not]]>
            </line>
            <line>
              <![CDATA[cart button is not Clickable ]]>
            </line>
            <line>
              <![CDATA[Unable to clk on cart button]]>
            </line>
            <line>
              <![CDATA[Expected condition failed: waiting for element to be clickable: Proxy element for: DefaultElementLocator 'By.xpath: //div[@class='item-quantity']//following-sibling::div//a[text()='View in cart']' (tried for 30 second(s) with 500 milliseconds interval)]]>
            </line>
            <line>
              <![CDATA[Unable to clk on cart button]]>
            </line>
          </reporter-output>
        </test-method> <!-- shopAtEbay -->
        <test-method status="PASS" signature="closeBrowser()[pri:0, instance:com.tyss.actitime.scripts.Ebay@20ccf40b]" name="closeBrowser" is-config="true" duration-ms="7043" started-at="2021-07-01T00:57:53 IST" finished-at="2021-07-01T00:58:00 IST">
          <reporter-output>
          </reporter-output>
        </test-method> <!-- closeBrowser -->
        <test-method status="PASS" signature="killTask(java.lang.String)[pri:0, instance:com.tyss.actitime.scripts.Ebay@20ccf40b]" name="killTask" is-config="true" duration-ms="242" started-at="2021-07-01T00:58:03 IST" finished-at="2021-07-01T00:58:03 IST">
          <params>
            <param index="0">
              <value>
                <![CDATA[Chrome]]>
              </value>
            </param>
          </params>
          <reporter-output>
          </reporter-output>
        </test-method> <!-- killTask -->
      </class> <!-- com.tyss.actitime.scripts.Ebay -->
    </test> <!-- POC_Test1 -->
  </suite> <!-- Ebay -->
</testng-results>
