<?xml version="1.0" encoding="UTF-8"?>
<!-- Generated by org.testng.reporters.JUnitReportReporter -->
<testsuite skipped="0" hostname="Sushmita" name="com.tyss.actitime.scripts.Ebay" tests="1" failures="1" timestamp="2021-07-01T00:58:03 IST" time="254.026" errors="0">
  <testcase name="shopAtEbay" time="254.026" classname="com.tyss.actitime.scripts.Ebay">
    <failure type="java.lang.AssertionError" message="Unable to clk on cart button">
      <![CDATA[java.lang.AssertionError: Unable to clk on cart button
at org.testng.Assert.fail(Assert.java:99)
at com.tyss.demo.pages.Ebay_Page.clkOnCartBtn(Ebay_Page.java:269)
at com.tyss.actitime.scripts.Ebay.shopAtEbay(Ebay.java:52)
at sun.reflect.NativeMethodAccessorImpl.invoke0(Native Method)
at sun.reflect.NativeMethodAccessorImpl.invoke(Unknown Source)
at sun.reflect.DelegatingMethodAccessorImpl.invoke(Unknown Source)
at java.lang.reflect.Method.invoke(Unknown Source)
at org.testng.internal.MethodInvocationHelper.invokeMethod(MethodInvocationHelper.java:133)
at org.testng.internal.TestInvoker.invokeMethod(TestInvoker.java:598)
at org.testng.internal.TestInvoker.invokeTestMethod(TestInvoker.java:173)
at org.testng.internal.MethodRunner.runInSequence(MethodRunner.java:46)
at org.testng.internal.TestInvoker$MethodInvocationAgent.invoke(TestInvoker.java:824)
at org.testng.internal.TestInvoker.invokeTestMethods(TestInvoker.java:146)
at org.testng.internal.TestMethodWorker.invokeTestMethods(TestMethodWorker.java:146)
at org.testng.internal.TestMethodWorker.run(TestMethodWorker.java:128)
at java.util.ArrayList.forEach(Unknown Source)
at org.testng.TestRunner.privateRun(TestRunner.java:794)
at org.testng.TestRunner.run(TestRunner.java:596)
at org.testng.SuiteRunner.runTest(SuiteRunner.java:377)
at org.testng.SuiteRunner.runSequentially(SuiteRunner.java:371)
at org.testng.SuiteRunner.privateRun(SuiteRunner.java:332)
at org.testng.SuiteRunner.run(SuiteRunner.java:276)
at org.testng.SuiteRunnerWorker.runSuite(SuiteRunnerWorker.java:53)
at org.testng.SuiteRunnerWorker.run(SuiteRunnerWorker.java:96)
at org.testng.TestNG.runSuitesSequentially(TestNG.java:1212)
at org.testng.TestNG.runSuitesLocally(TestNG.java:1134)
at org.testng.TestNG.runSuites(TestNG.java:1063)
at org.testng.TestNG.run(TestNG.java:1031)
at org.testng.remote.AbstractRemoteTestNG.run(AbstractRemoteTestNG.java:115)
at org.testng.remote.RemoteTestNG.initAndRun(RemoteTestNG.java:251)
at org.testng.remote.RemoteTestNG.main(RemoteTestNG.java:77)
]]>
    </failure>
  </testcase> <!-- shopAtEbay -->
  <system-out>
    <![CDATA[Verify submenu is Clickable or Not
Verify subCategory is Clickable or Not
Verify Filters is Clickable or Not
Verify Filters is Clickable or Not
Verify Filters is Clickable or Not
Verify product is Clickable or Not
Verify add ToCart Btn is Clickable or Not
Element is not visible---------cart button
Element is not visible---------cart button
Verify cart button is Clickable or Not
cart button is not Clickable 
Unable to clk on cart button
Expected condition failed: waiting for element to be clickable: Proxy element for: DefaultElementLocator 'By.xpath: //div[@class='item-quantity']//following-sibling::div//a[text()='View in cart']' (tried for 30 second(s) with 500 milliseconds interval)
Unable to clk on cart button]]>
  </system-out>
</testsuite> <!-- com.tyss.actitime.scripts.Ebay -->
