<?xml version="1.0" encoding="UTF-8"?>
<!-- Generated by org.testng.reporters.JUnitReportReporter -->
<testsuite skipped="0" hostname="Sushmita" name="com.tyss.actitime.scripts.Tasks_Module" tests="1" failures="1" timestamp="2021-06-24T22:43:57 IST" time="60.881" errors="0">
  <testcase name="createRequisition" time="60.881" classname="com.tyss.actitime.scripts.Tasks_Module">
    <failure type="java.lang.AssertionError" message="Unable to Click on +AddNew Dropdown">
      <![CDATA[java.lang.AssertionError: Unable to Click on +AddNew Dropdown
at org.testng.Assert.fail(Assert.java:99)
at com.tyss.demo.pages.Tasks_Page.clkAddNewBtn(Tasks_Page.java:185)
at com.tyss.actitime.scripts.Tasks_Module.createRequisition(Tasks_Module.java:74)
at sun.reflect.NativeMethodAccessorImpl.invoke0(Native Method)
at sun.reflect.NativeMethodAccessorImpl.invoke(Unknown Source)
at sun.reflect.DelegatingMethodAccessorImpl.invoke(Unknown Source)
at java.lang.reflect.Method.invoke(Unknown Source)
at org.testng.internal.MethodInvocationHelper.invokeMethod(MethodInvocationHelper.java:133)
at org.testng.internal.TestInvoker.invokeMethod(TestInvoker.java:598)
at org.testng.internal.TestInvoker.invokeTestMethod(TestInvoker.java:173)
at org.testng.internal.MethodRunner.runInSequence(MethodRunner.java:46)
at org.testng.internal.TestInvoker$MethodInvocationAgent.invoke(TestInvoker.java:824)
at org.testng.internal.TestInvoker.invokeTestMethods(TestInvoker.java:146)
at org.testng.internal.TestMethodWorker.invokeTestMethods(TestMethodWorker.java:146)
at org.testng.internal.TestMethodWorker.run(TestMethodWorker.java:128)
at java.util.ArrayList.forEach(Unknown Source)
at org.testng.TestRunner.privateRun(TestRunner.java:794)
at org.testng.TestRunner.run(TestRunner.java:596)
at org.testng.SuiteRunner.runTest(SuiteRunner.java:377)
at org.testng.SuiteRunner.runSequentially(SuiteRunner.java:371)
at org.testng.SuiteRunner.privateRun(SuiteRunner.java:332)
at org.testng.SuiteRunner.run(SuiteRunner.java:276)
at org.testng.SuiteRunnerWorker.runSuite(SuiteRunnerWorker.java:53)
at org.testng.SuiteRunnerWorker.run(SuiteRunnerWorker.java:96)
at org.testng.TestNG.runSuitesSequentially(TestNG.java:1212)
at org.testng.TestNG.runSuitesLocally(TestNG.java:1134)
at org.testng.TestNG.runSuites(TestNG.java:1063)
at org.testng.TestNG.run(TestNG.java:1031)
at org.testng.remote.AbstractRemoteTestNG.run(AbstractRemoteTestNG.java:115)
at org.testng.remote.RemoteTestNG.initAndRun(RemoteTestNG.java:251)
at org.testng.remote.RemoteTestNG.main(RemoteTestNG.java:77)
]]>
    </failure>
  </testcase> <!-- createRequisition -->
  <system-out>
    <![CDATA[Login To the App
Enter the value into User Name Text Box
Enter the value into Password Text Box
Verify Sign In Button is Clickable or Not
Succesfully Logged In
Verify Tasks Menu is Clickable or Not
Verify + Add new is Clickable or Not
Verify New Customer is Clickable or Not
Enter the value into Unable to enter Customer name
Enter the value into Unable to enter customer Description
Verify Select customer Dropdown is Clickable or Not
Getting text from customer Name
Element is not visible--------- CopyWith checkBox
Verify + Add new is Clickable or Not
element click intercepted: Element <div class="title ellipsis">...</div> is not clickable at point (304, 114). Other element would receive the click: <div class="contentWrapper " style="transition-timing-function: cubic-bezier(0.1, 0.57, 0.1, 1); transition-duration: 600ms; transform: translate(0px, 0px) translateZ(0px);">...</div>
  (Session info: chrome=91.0.4472.114)
Build info: version: '3.141.59', revision: 'e82be7d358', time: '2018-11-14T08:25:53'
System info: host: 'SUSHMITA', ip: '192.168.43.237', os.name: 'Windows 10', os.arch: 'amd64', os.version: '10.0', java.version: '1.8.0_221'
Driver info: org.openqa.selenium.chrome.ChromeDriver
Capabilities {acceptInsecureCerts: false, browserName: chrome, browserVersion: 91.0.4472.114, chrome: {chromedriverVersion: 91.0.4472.101 (af52a90bf870..., userDataDir: C:\Users\sushmita\AppData\L...}, goog:chromeOptions: {debuggerAddress: localhost:51927}, javascriptEnabled: true, networkConnectionEnabled: false, pageLoadStrategy: normal, platform: WINDOWS, platformName: WINDOWS, proxy: Proxy(), setWindowRect: true, strictFileInteractability: false, timeouts: {implicit: 0, pageLoad: 300000, script: 30000}, unhandledPromptBehavior: dismiss and notify, webauthn:extension:largeBlob: true, webauthn:virtualAuthenticators: true}
Session ID: 7708b47403b93f7a0a4e887a00c14e22
-Unable to Click on +AddNew Dropdown]]>
  </system-out>
</testsuite> <!-- com.tyss.actitime.scripts.Tasks_Module -->
