<?xml version="1.0" encoding="UTF-8"?>
<!-- Generated by org.testng.reporters.JUnitReportReporter -->
<testsuite skipped="0" hostname="Sushmita" name="com.tyss.actitime.scripts.Actitime_TasksModule_CreateNewCustomer" tests="1" failures="1" timestamp="2021-06-24T21:55:11 IST" time="157.527" errors="0">
  <testcase name="createRequisition" time="157.527" classname="com.tyss.actitime.scripts.Actitime_TasksModule_CreateNewCustomer">
    <failure type="java.lang.AssertionError" message="Unable to click assign users tab">
      <![CDATA[java.lang.AssertionError: Unable to click assign users tab
at org.testng.Assert.fail(Assert.java:99)
at demo.actitime.pages.AddNewCustomer_Page.clkAssignedUsersTab(AddNewCustomer_Page.java:300)
at com.tyss.actitime.scripts.Actitime_TasksModule_CreateNewCustomer.createRequisition(Actitime_TasksModule_CreateNewCustomer.java:48)
at sun.reflect.NativeMethodAccessorImpl.invoke0(Native Method)
at sun.reflect.NativeMethodAccessorImpl.invoke(Unknown Source)
at sun.reflect.DelegatingMethodAccessorImpl.invoke(Unknown Source)
at java.lang.reflect.Method.invoke(Unknown Source)
at org.testng.internal.MethodInvocationHelper.invokeMethod(MethodInvocationHelper.java:133)
at org.testng.internal.TestInvoker.invokeMethod(TestInvoker.java:598)
at org.testng.internal.TestInvoker.invokeTestMethod(TestInvoker.java:173)
at org.testng.internal.MethodRunner.runInSequence(MethodRunner.java:46)
at org.testng.internal.TestInvoker$MethodInvocationAgent.invoke(TestInvoker.java:824)
at org.testng.internal.TestInvoker.invokeTestMethods(TestInvoker.java:146)
at org.testng.internal.TestMethodWorker.invokeTestMethods(TestMethodWorker.java:146)
at org.testng.internal.TestMethodWorker.run(TestMethodWorker.java:128)
at java.util.ArrayList.forEach(Unknown Source)
at org.testng.TestRunner.privateRun(TestRunner.java:794)
at org.testng.TestRunner.run(TestRunner.java:596)
at org.testng.SuiteRunner.runTest(SuiteRunner.java:377)
at org.testng.SuiteRunner.runSequentially(SuiteRunner.java:371)
at org.testng.SuiteRunner.privateRun(SuiteRunner.java:332)
at org.testng.SuiteRunner.run(SuiteRunner.java:276)
at org.testng.SuiteRunnerWorker.runSuite(SuiteRunnerWorker.java:53)
at org.testng.SuiteRunnerWorker.run(SuiteRunnerWorker.java:96)
at org.testng.TestNG.runSuitesSequentially(TestNG.java:1212)
at org.testng.TestNG.runSuitesLocally(TestNG.java:1134)
at org.testng.TestNG.runSuites(TestNG.java:1063)
at org.testng.TestNG.run(TestNG.java:1031)
at org.testng.remote.AbstractRemoteTestNG.run(AbstractRemoteTestNG.java:115)
at org.testng.remote.RemoteTestNG.initAndRun(RemoteTestNG.java:251)
at org.testng.remote.RemoteTestNG.main(RemoteTestNG.java:77)
]]>
    </failure>
  </testcase> <!-- createRequisition -->
  <system-out>
    <![CDATA[Login To the App
Enter the value into User Name Text Box
Enter the value into Password Text Box
Verify Sign In Button is Clickable or Not
Succesfully Logged In
Verify Tasks Menu is Clickable or Not
Verify + Add new is Clickable or Not
Verify New Customer is Clickable or Not
Enter the value into Unable to enter Customer name
Enter the value into Unable to enter customer Description
Verify Select customer Dropdown is Clickable or Not
Getting text from customer Name
Element is not visible--------- CopyWith checkBox
Element is not visible--------- CopyWith checkBox
Verify AssignedUsers Tab is Clickable or Not
AssignedUsers Tab is not Clickable 
UnAble to click Assignedusers tab
Expected condition failed: waiting for element to be clickable: Proxy element for: DefaultElementLocator 'By.xpath: //div[@class='assignedUsers']/span[text()='ASSIGNED USERS (6)']' (tried for 30 second(s) with 500 milliseconds interval)
-Unable to click assign users tab]]>
  </system-out>
</testsuite> <!-- com.tyss.actitime.scripts.Actitime_TasksModule_CreateNewCustomer -->
