<?xml version="1.0" encoding="UTF-8"?>
<!-- Generated by org.testng.reporters.JUnitXMLReporter -->
<testsuite hostname="Sushmita" ignored="0" name="POC_Test1" tests="1" failures="1" timestamp="2021-06-30T12:45:29 IST" time="75.005" errors="0">
  <testcase name="shopAtNike" time="32.682" classname="com.tyss.actitime.scripts.Nike">
    <failure type="java.lang.AssertionError" message="Unable to click product">
      <![CDATA[java.lang.AssertionError: Unable to click product
at com.tyss.demo.pages.Nike_Page.clkOnProduct(Nike_Page.java:263)
at com.tyss.actitime.scripts.Nike.shopAtNike(Nike.java:42)
at java.util.ArrayList.forEach(Unknown Source)
... Removed 28 stack frames]]>
    </failure>
  </testcase> <!-- shopAtNike -->
</testsuite> <!-- POC_Test1 -->
