<html>
<head>
<title>TestNG:  POC_Test1</title>
<link href="../testng.css" rel="stylesheet" type="text/css" />
<link href="../my-testng.css" rel="stylesheet" type="text/css" />

<style type="text/css">
.log { display: none;} 
.stack-trace { display: none;} 
</style>
<script type="text/javascript">
<!--
function flip(e) {
  current = e.style.display;
  if (current == 'block') {
    e.style.display = 'none';
    return 0;
  }
  else {
    e.style.display = 'block';
    return 1;
  }
}

function toggleBox(szDivId, elem, msg1, msg2)
{
  var res = -1;  if (document.getElementById) {
    res = flip(document.getElementById(szDivId));
  }
  else if (document.all) {
    // this is the way old msie versions work
    res = flip(document.all[szDivId]);
  }
  if(elem) {
    if(res == 0) elem.innerHTML = msg1; else elem.innerHTML = msg2;
  }

}

function toggleAllBoxes() {
  if (document.getElementsByTagName) {
    d = document.getElementsByTagName('div');
    for (i = 0; i < d.length; i++) {
      if (d[i].className == 'log') {
        flip(d[i]);
      }
    }
  }
}

// -->
</script>

</head>
<body>
<h2 align='center'>POC_Test1</h2><table border='1' align="center">
<tr>
<td>Tests passed/Failed/Skipped:</td><td>0/1/0</td>
</tr><tr>
<td>Started on:</td><td>Thu Jul 01 00:53:10 IST 2021</td>
</tr>
<tr><td>Total time:</td><td>290 seconds (290090 ms)</td>
</tr><tr>
<td>Included groups:</td><td></td>
</tr><tr>
<td>Excluded groups:</td><td></td>
</tr>
</table><p/>
<small><i>(Hover the method name to see the test class name)</i></small><p/>
<table width='100%' border='1' class='invocation-failed'>
<tr><td colspan='4' align='center'><b>FAILED TESTS</b></td></tr>
<tr><td><b>Test method</b></td>
<td width="30%"><b>Exception</b></td>
<td width="10%"><b>Time (seconds)</b></td>
<td><b>Instance</b></td>
</tr>
<tr>
<td title='com.tyss.actitime.scripts.Ebay.shopAtEbay()'><b>shopAtEbay</b><br>Test class: com.tyss.actitime.scripts.Ebay<br>Test method: Create Users<br>Parameters: Fashion, Footwear, Men, Nike Air Jordan 1 Mid Metallic, 12, Athletic Shoes, Nike<br/>
<a href="#Output-1788545647" onClick='toggleBox("Output-1788545647", this, "Show output", "Hide output");'>Show output</a>

<a href="#Output-1788545647" onClick="toggleAllBoxes();">Show all outputs</a>
<div class='log' id="Output-1788545647">
Verify submenu is Clickable or Not<br/>
Verify subCategory is Clickable or Not<br/>
Verify Filters is Clickable or Not<br/>
Verify Filters is Clickable or Not<br/>
Verify Filters is Clickable or Not<br/>
Verify product is Clickable or Not<br/>
Verify add ToCart Btn is Clickable or Not<br/>
Element is not visible---------cart button<br/>
Element is not visible---------cart button<br/>
Verify cart button is Clickable or Not<br/>
cart button is not Clickable <br/>
Unable to clk on cart button<br/>
Expected condition failed: waiting for element to be clickable: Proxy element for: DefaultElementLocator 'By.xpath: //div[@class='item-quantity']//following-sibling::div//a[text()='View in cart']' (tried for 30 second(s) with 500 milliseconds interval)<br/>
Unable to clk on cart button<br/>
</div>
</td>
<td><div><pre>java.lang.AssertionError: Unable to clk on cart button
	at com.tyss.demo.pages.Ebay_Page.clkOnCartBtn(Ebay_Page.java:269)
	at com.tyss.actitime.scripts.Ebay.shopAtEbay(Ebay.java:52)
	at java.util.ArrayList.forEach(Unknown Source)
... Removed 28 stack frames</pre></div><a href='#' onClick='toggleBox("stack-trace1788545647", this, "Click to show all stack frames", "Click to hide stack frames")'>Click to show all stack frames</a>
<div class='stack-trace' id='stack-trace1788545647'><pre>java.lang.AssertionError: Unable to clk on cart button
	at org.testng.Assert.fail(Assert.java:99)
	at com.tyss.demo.pages.Ebay_Page.clkOnCartBtn(Ebay_Page.java:269)
	at com.tyss.actitime.scripts.Ebay.shopAtEbay(Ebay.java:52)
	at sun.reflect.NativeMethodAccessorImpl.invoke0(Native Method)
	at sun.reflect.NativeMethodAccessorImpl.invoke(Unknown Source)
	at sun.reflect.DelegatingMethodAccessorImpl.invoke(Unknown Source)
	at java.lang.reflect.Method.invoke(Unknown Source)
	at org.testng.internal.MethodInvocationHelper.invokeMethod(MethodInvocationHelper.java:133)
	at org.testng.internal.TestInvoker.invokeMethod(TestInvoker.java:598)
	at org.testng.internal.TestInvoker.invokeTestMethod(TestInvoker.java:173)
	at org.testng.internal.MethodRunner.runInSequence(MethodRunner.java:46)
	at org.testng.internal.TestInvoker$MethodInvocationAgent.invoke(TestInvoker.java:824)
	at org.testng.internal.TestInvoker.invokeTestMethods(TestInvoker.java:146)
	at org.testng.internal.TestMethodWorker.invokeTestMethods(TestMethodWorker.java:146)
	at org.testng.internal.TestMethodWorker.run(TestMethodWorker.java:128)
	at java.util.ArrayList.forEach(Unknown Source)
	at org.testng.TestRunner.privateRun(TestRunner.java:794)
	at org.testng.TestRunner.run(TestRunner.java:596)
	at org.testng.SuiteRunner.runTest(SuiteRunner.java:377)
	at org.testng.SuiteRunner.runSequentially(SuiteRunner.java:371)
	at org.testng.SuiteRunner.privateRun(SuiteRunner.java:332)
	at org.testng.SuiteRunner.run(SuiteRunner.java:276)
	at org.testng.SuiteRunnerWorker.runSuite(SuiteRunnerWorker.java:53)
	at org.testng.SuiteRunnerWorker.run(SuiteRunnerWorker.java:96)
	at org.testng.TestNG.runSuitesSequentially(TestNG.java:1212)
	at org.testng.TestNG.runSuitesLocally(TestNG.java:1134)
	at org.testng.TestNG.runSuites(TestNG.java:1063)
	at org.testng.TestNG.run(TestNG.java:1031)
	at org.testng.remote.AbstractRemoteTestNG.run(AbstractRemoteTestNG.java:115)
	at org.testng.remote.RemoteTestNG.initAndRun(RemoteTestNG.java:251)
	at org.testng.remote.RemoteTestNG.main(RemoteTestNG.java:77)
</pre></div></td>
<td>253</td>
<td>com.tyss.actitime.scripts.Ebay@20ccf40b</td></tr>
</table><p>
</body>
</html>